c:\users\peter\desktop\year_2\graphics 2\gfxiiframework\gfxiiframework\debug\vc120.pdb
c:\users\peter\desktop\year_2\graphics 2\gfxiiframework\gfxiiframework\debug\vc120.idb
c:\users\peter\desktop\year_2\graphics 2\gfxiiframework\gfxiiframework\debug\baseapplication.obj
c:\users\peter\desktop\year_2\graphics 2\gfxiiframework\gfxiiframework\debug\camera.obj
c:\users\peter\desktop\year_2\graphics 2\gfxiiframework\gfxiiframework\debug\gfxiiframework.obj
c:\users\peter\desktop\year_2\graphics 2\gfxiiframework\gfxiiframework\debug\dummy.obj
c:\users\peter\desktop\year_2\graphics 2\gfxiiframework\gfxiiframework\debug\glm.obj
c:\users\peter\desktop\year_2\graphics 2\gfxiiframework\gfxiiframework\debug\imageio.obj
c:\users\peter\desktop\year_2\graphics 2\gfxiiframework\gfxiiframework\debug\objfilereader.obj
c:\users\peter\desktop\year_2\graphics 2\gfxiiframework\gfxiiframework\debug\oglcube.obj
c:\users\peter\desktop\year_2\graphics 2\gfxiiframework\gfxiiframework\debug\oglmesh.obj
c:\users\peter\desktop\year_2\graphics 2\gfxiiframework\gfxiiframework\debug\oglshader.obj
c:\users\peter\desktop\year_2\graphics 2\gfxiiframework\gfxiiframework\debug\ogltexture.obj
c:\users\peter\desktop\year_2\graphics 2\gfxiiframework\gfxiiframework\debug\oglwindow.obj
c:\users\peter\desktop\year_2\graphics 2\gfxiiframework\gfxiiframework\debug\triangle.obj
c:\users\peter\desktop\year_2\graphics 2\gfxiiframework\gfxiiframework\debug\vector3.obj
c:\users\peter\desktop\year_2\graphics 2\gfxiiframework\gfxiiframework\debug\skybox.obj
g:\graphics\gfxiiframework\gfxiiframework\debug\vc120.pdb
g:\graphics\gfxiiframework\gfxiiframework\debug\vc120.idb
g:\graphics\gfxiiframework\gfxiiframework\debug\baseapplication.obj
g:\graphics\gfxiiframework\gfxiiframework\debug\camera.obj
g:\graphics\gfxiiframework\gfxiiframework\debug\gfxiiframework.obj
g:\graphics\gfxiiframework\gfxiiframework\debug\dummy.obj
g:\graphics\gfxiiframework\gfxiiframework\debug\glm.obj
g:\graphics\gfxiiframework\gfxiiframework\debug\imageio.obj
g:\graphics\gfxiiframework\gfxiiframework\debug\objfilereader.obj
g:\graphics\gfxiiframework\gfxiiframework\debug\oglcube.obj
g:\graphics\gfxiiframework\gfxiiframework\debug\oglmesh.obj
g:\graphics\gfxiiframework\gfxiiframework\debug\oglshader.obj
g:\graphics\gfxiiframework\gfxiiframework\debug\ogltexture.obj
g:\graphics\gfxiiframework\gfxiiframework\debug\oglwindow.obj
g:\graphics\gfxiiframework\gfxiiframework\debug\skybox.obj
g:\graphics\gfxiiframework\gfxiiframework\debug\triangle.obj
g:\graphics\gfxiiframework\gfxiiframework\debug\vector3.obj
c:\users\peter\desktop\year_2\graphics 2\gfxiiframework\debug\gfxiiframework.ilk
c:\users\peter\desktop\year_2\graphics 2\gfxiiframework\debug\gfxiiframework.exe
c:\users\peter\desktop\year_2\graphics 2\gfxiiframework\debug\gfxiiframework.pdb
g:\graphics\gfxiiframework\debug\gfxiiframework.ilk
g:\graphics\gfxiiframework\debug\gfxiiframework.exe
g:\graphics\gfxiiframework\debug\gfxiiframework.pdb
c:\users\peter\desktop\year_2\graphics 2\gfxiiframework\gfxiiframework\debug\gfxiiframework.res
g:\graphics\gfxiiframework\gfxiiframework\debug\gfxiiframework.res
g:\graphics\gfxiiframework\gfxiiframework\debug\d3d11cube.obj
g:\graphics\gfxiiframework\gfxiiframework\debug\d3d11mesh.obj
g:\graphics\gfxiiframework\gfxiiframework\debug\d3d11shader.obj
g:\graphics\gfxiiframework\gfxiiframework\debug\d3d11texture.obj
g:\graphics\gfxiiframework\gfxiiframework\debug\d3d11window.obj
g:\graphics\gfxiiframework\gfxiiframework\debug\gfxiiframework.tlog\cl.command.1.tlog
g:\graphics\gfxiiframework\gfxiiframework\debug\gfxiiframework.tlog\cl.read.1.tlog
g:\graphics\gfxiiframework\gfxiiframework\debug\gfxiiframework.tlog\cl.write.1.tlog
g:\graphics\gfxiiframework\gfxiiframework\debug\gfxiiframework.tlog\fxc.command.1.tlog
g:\graphics\gfxiiframework\gfxiiframework\debug\gfxiiframework.tlog\fxc.read.1.tlog
g:\graphics\gfxiiframework\gfxiiframework\debug\gfxiiframework.tlog\fxc.write.1.tlog
g:\graphics\gfxiiframework\gfxiiframework\debug\gfxiiframework.tlog\gfxiiframework.write.1u.tlog
g:\graphics\gfxiiframework\gfxiiframework\debug\gfxiiframework.tlog\link.command.1.tlog
g:\graphics\gfxiiframework\gfxiiframework\debug\gfxiiframework.tlog\link.read.1.tlog
g:\graphics\gfxiiframework\gfxiiframework\debug\gfxiiframework.tlog\link.write.1.tlog
g:\graphics\gfxiiframework\gfxiiframework\debug\gfxiiframework.tlog\rc.command.1.tlog
g:\graphics\gfxiiframework\gfxiiframework\debug\gfxiiframework.tlog\rc.read.1.tlog
g:\graphics\gfxiiframework\gfxiiframework\debug\gfxiiframework.tlog\rc.write.1.tlog
