Build started 27/4/2015 7:34:15 AM.
     1>Project "G:\Graphics\GFXiiFramework\GFXiiFramework\GFXiiFramework.vcxproj" on node 2 (Build target(s)).
     1>ClCompile:
         C:\Program Files (x86)\Microsoft Visual Studio 12.0\VC\bin\CL.exe /c /ZI /nologo /W3 /WX- /sdl /Od /Oy- /D WIN32 /D _DEBUG /D _WINDOWS /D _UNICODE /D UNICODE /Gm /EHsc /RTC1 /MDd /GS /fp:precise /Zc:wchar_t /Zc:forScope /Fo"Debug\\" /Fd"Debug\vc120.pdb" /Gd /TP /analyze- /errorReport:prompt OpenGL\OGLWindow.cpp
         OGLWindow.cpp
     1>g:\graphics\gfxiiframework\gfxiiframework\opengl\oglwindow.cpp(124): warning C4244: '=' : conversion from 'int' to 'float', possible loss of data
     1>g:\graphics\gfxiiframework\gfxiiframework\opengl\oglwindow.cpp(125): warning C4244: '=' : conversion from 'int' to 'float', possible loss of data
     1>g:\graphics\gfxiiframework\gfxiiframework\opengl\oglwindow.cpp(154): warning C4244: 'argument' : conversion from 'time_t' to 'unsigned int', possible loss of data
     1>g:\graphics\gfxiiframework\gfxiiframework\opengl\oglwindow.cpp(159): warning C4316: 'Target' : object allocated on the heap may not be aligned 16
     1>g:\graphics\gfxiiframework\gfxiiframework\opengl\oglwindow.cpp(276): warning C4244: '=' : conversion from 'int' to 'float', possible loss of data
     1>g:\graphics\gfxiiframework\gfxiiframework\opengl\oglwindow.cpp(277): warning C4244: '=' : conversion from 'int' to 'float', possible loss of data
     1>g:\graphics\gfxiiframework\gfxiiframework\opengl\oglwindow.cpp(370): warning C4244: '=' : conversion from 'float' to 'int', possible loss of data
     1>g:\graphics\gfxiiframework\gfxiiframework\opengl\oglwindow.cpp(371): warning C4244: '=' : conversion from 'float' to 'int', possible loss of data
       Link:
         C:\Program Files (x86)\Microsoft Visual Studio 12.0\VC\bin\link.exe /ERRORREPORT:PROMPT /OUT:"G:\Graphics\GFXiiFramework\Debug\GFXiiFramework.exe" /INCREMENTAL /NOLOGO kernel32.lib user32.lib gdi32.lib winspool.lib comdlg32.lib advapi32.lib shell32.lib ole32.lib oleaut32.lib uuid.lib odbc32.lib odbccp32.lib /MANIFEST /MANIFESTUAC:"level='asInvoker' uiAccess='false'" /manifest:embed /DEBUG /PDB:"G:\Graphics\GFXiiFramework\Debug\GFXiiFramework.pdb" /SUBSYSTEM:WINDOWS /TLBID:1 /DYNAMICBASE /NXCOMPAT /IMPLIB:"G:\Graphics\GFXiiFramework\Debug\GFXiiFramework.lib" /MACHINE:X86 Debug\GFXiiFramework.res
         Debug\BaseApplication.obj
         Debug\Camera.obj
         Debug\GFXiiFramework.obj
         Debug\dummy.obj
         Debug\glm.obj
         Debug\ImageIO.obj
         Debug\OBJFileReader.obj
         Debug\OGLCube.obj
         Debug\OGLMesh.obj
         Debug\OGLShader.obj
         Debug\OGLTexture.obj
         Debug\OGLWindow.obj
         Debug\SkyBox.obj
         Debug\Target.obj
         Debug\Triangle.obj
         Debug\Vector3.obj
         GLEW\lib\glew32.lib
         GFXiiFramework.vcxproj -> G:\Graphics\GFXiiFramework\Debug\GFXiiFramework.exe
     1>Done Building Project "G:\Graphics\GFXiiFramework\GFXiiFramework\GFXiiFramework.vcxproj" (Build target(s)).

Build succeeded.

Time Elapsed 00:00:02.50
