g:\graphics\gfxiiframework\gfxiiframework\release\vc120.pdb
g:\graphics\gfxiiframework\gfxiiframework\release\vector3.obj
g:\graphics\gfxiiframework\gfxiiframework\release\triangle.obj
g:\graphics\gfxiiframework\gfxiiframework\release\target.obj
g:\graphics\gfxiiframework\gfxiiframework\release\skybox.obj
g:\graphics\gfxiiframework\gfxiiframework\release\oglwindow.obj
g:\graphics\gfxiiframework\gfxiiframework\release\ogltexture.obj
g:\graphics\gfxiiframework\gfxiiframework\release\oglshader.obj
g:\graphics\gfxiiframework\gfxiiframework\release\oglmesh.obj
g:\graphics\gfxiiframework\gfxiiframework\release\oglcube.obj
g:\graphics\gfxiiframework\gfxiiframework\release\objfilereader.obj
g:\graphics\gfxiiframework\gfxiiframework\release\imageio.obj
g:\graphics\gfxiiframework\gfxiiframework\release\glm.obj
g:\graphics\gfxiiframework\gfxiiframework\release\dummy.obj
g:\graphics\gfxiiframework\gfxiiframework\release\gfxiiframework.obj
g:\graphics\gfxiiframework\gfxiiframework\release\camera.obj
g:\graphics\gfxiiframework\gfxiiframework\release\baseapplication.obj
g:\graphics\gfxiiframework\release\gfxiiframework.exe
g:\graphics\gfxiiframework\release\gfxiiframework.pdb
g:\graphics\gfxiiframework\gfxiiframework\release\gfxiiframework.res
g:\graphics\gfxiiframework\gfxiiframework\release\gfxiiframework.tlog\cl.command.1.tlog
g:\graphics\gfxiiframework\gfxiiframework\release\gfxiiframework.tlog\cl.read.1.tlog
g:\graphics\gfxiiframework\gfxiiframework\release\gfxiiframework.tlog\cl.write.1.tlog
g:\graphics\gfxiiframework\gfxiiframework\release\gfxiiframework.tlog\link.command.1.tlog
g:\graphics\gfxiiframework\gfxiiframework\release\gfxiiframework.tlog\link.read.1.tlog
g:\graphics\gfxiiframework\gfxiiframework\release\gfxiiframework.tlog\link.write.1.tlog
g:\graphics\gfxiiframework\gfxiiframework\release\gfxiiframework.tlog\rc.command.1.tlog
g:\graphics\gfxiiframework\gfxiiframework\release\gfxiiframework.tlog\rc.read.1.tlog
g:\graphics\gfxiiframework\gfxiiframework\release\gfxiiframework.tlog\rc.write.1.tlog
